This file contains any messages produced by compilers while
running configure, to aid debugging if configure makes a mistake.

It was created by alsa-lib configure 1.2.14, which was
generated by GNU Autoconf 2.72.  Invocation command line was

  $ ./configure --disable-shared --enable-static --with-pcm-plugins= --with-ctl-plugins= --disable-maintainer-mode --disable-largefile --disable-mixer --disable-rawmidi --disable-hwdep --disable-seq --disable-ucm --disable-topology --disable-aload --disable-resmgr --disable-old-symbols --disable-python --with-debug=no --disable-thread-safety --with-libdl=no --with-pthread=no --with-librt=no --with-wordexp=no --with-gnu-ld=yes --with-softfloat=no

## --------- ##
## Platform. ##
## --------- ##

hostname = cachyos-x8664
uname -m = x86_64
uname -r = 6.17.7-2-cachyos-eevdf
uname -s = Linux
uname -v = #1 SMP PREEMPT_DYNAMIC Tue, 04 Nov 2025 21:50:45 +0000

/usr/bin/uname -p = unknown
/bin/uname -X     = unknown

/bin/arch              = unknown
/usr/bin/arch -k       = unknown
/usr/convex/getsysinfo = unknown
/usr/bin/hostinfo      = unknown
/bin/machine           = unknown
/usr/bin/oslevel       = unknown
/bin/universe          = unknown

PATH: /home/free2/.cabal/bin/
PATH: /home/free2/.ghcup/bin/
PATH: /home/free2/code/scripts/xrandr-wlr-randr/
PATH: /home/free2/code/scripts/open-drive-dl/
PATH: /home/free2/code/scripts/old/xrandr-scripts/
PATH: /home/free2/code/scripts/old/wv-reencode/
PATH: /home/free2/code/scripts/old/web-image-ripper/
PATH: /home/free2/code/scripts/old/usb-scripts/
PATH: /home/free2/code/scripts/old/to-lower-case/
PATH: /home/free2/code/scripts/old/text-to-utf8/test/
PATH: /home/free2/code/scripts/old/text-to-utf8/
PATH: /home/free2/code/scripts/old/system-shortcuts/
PATH: /home/free2/code/scripts/old/start-scripts/
PATH: /home/free2/code/scripts/old/service-scripts/
PATH: /home/free2/code/scripts/old/py-gen-tone_1/test_tones/
PATH: /home/free2/code/scripts/old/py-gen-tone_1/
PATH: /home/free2/code/scripts/old/py-gen-tone/test_tones/
PATH: /home/free2/code/scripts/old/py-gen-tone/
PATH: /home/free2/code/scripts/old/pause-test/
PATH: /home/free2/code/scripts/old/organize-scripts/
PATH: /home/free2/code/scripts/old/linux-fixes/dolphin-fixes/
PATH: /home/free2/code/scripts/old/linux-fixes/
PATH: /home/free2/code/scripts/old/kitty-scripts/
PATH: /home/free2/code/scripts/old/irq-scripts/
PATH: /home/free2/code/scripts/old/icewm-scripts/
PATH: /home/free2/code/scripts/old/fixes-scripts/
PATH: /home/free2/code/scripts/old/ffmpeg-scripts/
PATH: /home/free2/code/scripts/old/ffmpeg-script/
PATH: /home/free2/code/scripts/old/benchmarks/
PATH: /home/free2/code/scripts/old/audio-bulk/
PATH: /home/free2/code/scripts/old/ai-scripts/
PATH: /home/free2/code/scripts/old/addfoobar/
PATH: /home/free2/code/scripts/old/
PATH: /home/free2/code/scripts/benchmarks/
PATH: /home/free2/code/scripts/audio-setup/
PATH: /home/free2/code/scripts/audio-scripts/
PATH: /home/free2/code/scripts/
PATH: /home/free2/go/bin/
PATH: /home/void/go/bin/
PATH: /usr/bin/
PATH: /home/free2/.cabal/bin/
PATH: /home/free2/.ghcup/bin/
PATH: /home/free2/.cabal/bin/
PATH: /home/free2/.ghcup/bin/
PATH: /usr/local/sbin/
PATH: /usr/local/bin/
PATH: /usr/bin/site_perl/
PATH: /usr/bin/vendor_perl/
PATH: /usr/bin/core_perl/
PATH: /home/free2/.local/bin/
PATH: /home/free2/.local/bin/
PATH: /home/free2/.local/bin/


## ----------- ##
## Core tests. ##
## ----------- ##

configure:2681: looking for aux files: ltmain.sh compile missing install-sh config.guess config.sub
configure:2694:  trying ./
configure:2723:   ./ltmain.sh found
configure:2723:   ./compile found
configure:2723:   ./missing found
configure:2705:   ./install-sh found
configure:2723:   ./config.guess found
configure:2723:   ./config.sub found
configure:2846: checking build system type
configure:2862: result: x86_64-pc-linux-gnu
configure:2882: checking host system type
configure:2897: result: x86_64-pc-linux-gnu
configure:2934: checking for a BSD-compatible install
configure:3008: result: /usr/bin/install -c
configure:3019: checking whether sleep supports fractional seconds
configure:3035: result: yes
configure:3038: checking filesystem timestamp resolution
configure:3173: result: 0.01
configure:3178: checking whether build environment is sane
configure:3223: result: yes
configure:3394: checking for a race-free mkdir -p
configure:3437: result: /usr/bin/mkdir -p
configure:3444: checking for gawk
configure:3465: found /usr/bin/gawk
configure:3477: result: gawk
configure:3488: checking whether make sets $(MAKE)
configure:3512: result: yes
configure:3538: checking whether make supports nested variables
configure:3557: result: yes
configure:3571: checking xargs -n works
configure:3587: result: yes
configure:3672: checking whether UID '1000' is supported by ustar format
configure:3678: result: yes
configure:3685: checking whether GID '1000' is supported by ustar format
configure:3691: result: yes
configure:3699: checking how to create a ustar tar archive
configure:3710: tar --version
tar (GNU tar) 1.35
Copyright (C) 2023 Free Software Foundation, Inc.
License GPLv3+: GNU GPL version 3 or later <https://gnu.org/licenses/gpl.html>.
This is free software: you are free to change and redistribute it.
There is NO WARRANTY, to the extent permitted by law.

Written by John Gilmore and Jay Fenlason.
configure:3713: $? = 0
configure:3753: tardir=conftest.dir && eval tar --format=ustar -chf - "$tardir" >conftest.tar
configure:3756: $? = 0
configure:3760: tar -xf - <conftest.tar
configure:3763: $? = 0
configure:3765: cat conftest.dir/file
GrepMe
configure:3768: $? = 0
configure:3783: result: gnutar
configure:3820: checking whether to enable maintainer-specific portions of Makefiles
configure:3831: result: no
configure:3917: checking for gcc
configure:3950: result: gcc
configure:4309: checking for C compiler version
configure:4318: gcc --version >&5
gcc (GCC) 15.2.1 20250813
Copyright (C) 2025 Free Software Foundation, Inc.
This is free software; see the source for copying conditions.  There is NO
warranty; not even for MERCHANTABILITY or FITNESS FOR A PARTICULAR PURPOSE.

configure:4329: $? = 0
configure:4318: gcc -v >&5
Using built-in specs.
COLLECT_GCC=gcc
COLLECT_LTO_WRAPPER=/usr/lib/gcc/x86_64-pc-linux-gnu/15.2.1/lto-wrapper
Target: x86_64-pc-linux-gnu
Configured with: /tmp/pkg/src/gcc/configure --enable-languages=ada,c,c++,d,fortran,go,lto,m2,objc,obj-c++,rust,cobol --enable-bootstrap --prefix=/usr --libdir=/usr/lib --libexecdir=/usr/lib --mandir=/usr/share/man --infodir=/usr/share/info --with-bugurl=https://github.com/CachyOS/CachyOS-PKGBUILDS/issues --with-build-config=bootstrap-lto --with-linker-hash-style=gnu --with-system-zlib --enable-__cxa_atexit --enable-cet=auto --enable-checking=release --enable-clocale=gnu --enable-default-pie --enable-default-ssp --enable-gnu-indirect-function --enable-gnu-unique-object --enable-libstdcxx-backtrace --enable-link-serialization=1 --enable-linker-build-id --enable-lto --enable-multilib --enable-plugin --enable-shared --enable-threads=posix --disable-libssp --disable-libstdcxx-pch --disable-werror
Thread model: posix
Supported LTO compression algorithms: zlib zstd
gcc version 15.2.1 20250813 (GCC) 
configure:4329: $? = 0
configure:4318: gcc -V >&5
gcc: error: unrecognized command-line option '-V'
gcc: fatal error: no input files
compilation terminated.
configure:4329: $? = 1
configure:4318: gcc -qversion >&5
gcc: error: unrecognized command-line option '-qversion'; did you mean '--version'?
gcc: fatal error: no input files
compilation terminated.
configure:4329: $? = 1
configure:4318: gcc -version >&5
gcc: error: unrecognized command-line option '-version'
gcc: fatal error: no input files
compilation terminated.
configure:4329: $? = 1
configure:4349: checking whether the C compiler works
configure:4371: gcc -march=native -mtune=native -O3 -flto=auto  -static -flto=auto conftest.c  >&5
configure:4375: $? = 0
configure:4426: result: yes
configure:4430: checking for C compiler default output file name
configure:4432: result: a.out
configure:4438: checking for suffix of executables
configure:4445: gcc -o conftest -march=native -mtune=native -O3 -flto=auto  -static -flto=auto conftest.c  >&5
configure:4449: $? = 0
configure:4473: result: 
configure:4497: checking whether we are cross compiling
configure:4505: gcc -o conftest -march=native -mtune=native -O3 -flto=auto  -static -flto=auto conftest.c  >&5
configure:4509: $? = 0
configure:4516: ./conftest
configure:4520: $? = 0
configure:4535: result: no
configure:4541: checking for suffix of object files
configure:4564: gcc -c -march=native -mtune=native -O3 -flto=auto  conftest.c >&5
configure:4568: $? = 0
configure:4592: result: o
configure:4596: checking whether the compiler supports GNU C
configure:4616: gcc -c -march=native -mtune=native -O3 -flto=auto  conftest.c >&5
configure:4616: $? = 0
configure:4628: result: yes
configure:4639: checking whether gcc accepts -g
configure:4660: gcc -c -g  conftest.c >&5
configure:4660: $? = 0
configure:4707: result: yes
configure:4727: checking for gcc option to enable C11 features
configure:4742: gcc  -c -march=native -mtune=native -O3 -flto=auto  conftest.c >&5
configure:4742: $? = 0
configure:4761: result: none needed
configure:4885: checking whether gcc understands -c and -o together
configure:4908: gcc -c conftest.c -o conftest2.o
configure:4911: $? = 0
configure:4908: gcc -c conftest.c -o conftest2.o
configure:4911: $? = 0
configure:4927: result: yes
configure:4947: checking whether make supports the include directive
configure:4962: make -f confmf.GNU && cat confinc.out
this is the am__doit target
configure:4965: $? = 0
configure:4984: result: yes (GNU style)
configure:5010: checking dependency style of gcc
configure:5123: result: gcc3
configure:5143: checking how to run the C preprocessor
configure:5169: gcc -E  conftest.c
configure:5169: $? = 0
configure:5185: gcc -E  conftest.c
conftest.c:11:10: fatal error: ac_nonexistent.h: No such file or directory
   11 | #include <ac_nonexistent.h>
      |          ^~~~~~~~~~~~~~~~~~
compilation terminated.
configure:5185: $? = 1
configure: failed program was:
| /* confdefs.h */
| #define PACKAGE_NAME "alsa-lib"
| #define PACKAGE_TARNAME "alsa-lib"
| #define PACKAGE_VERSION "1.2.14"
| #define PACKAGE_STRING "alsa-lib 1.2.14"
| #define PACKAGE_BUGREPORT ""
| #define PACKAGE_URL ""
| #define PACKAGE "alsa-lib"
| #define VERSION "1.2.14"
| /* end confdefs.h.  */
| #include <ac_nonexistent.h>
configure:5214: result: gcc -E
configure:5228: gcc -E  conftest.c
configure:5228: $? = 0
configure:5244: gcc -E  conftest.c
conftest.c:11:10: fatal error: ac_nonexistent.h: No such file or directory
   11 | #include <ac_nonexistent.h>
      |          ^~~~~~~~~~~~~~~~~~
compilation terminated.
configure:5244: $? = 1
configure: failed program was:
| /* confdefs.h */
| #define PACKAGE_NAME "alsa-lib"
| #define PACKAGE_TARNAME "alsa-lib"
| #define PACKAGE_VERSION "1.2.14"
| #define PACKAGE_STRING "alsa-lib 1.2.14"
| #define PACKAGE_BUGREPORT ""
| #define PACKAGE_URL ""
| #define PACKAGE "alsa-lib"
| #define VERSION "1.2.14"
| /* end confdefs.h.  */
| #include <ac_nonexistent.h>
configure:5281: checking for stdio.h
configure:5281: gcc -c -march=native -mtune=native -O3 -flto=auto  conftest.c >&5
configure:5281: $? = 0
configure:5281: result: yes
configure:5281: checking for stdlib.h
configure:5281: gcc -c -march=native -mtune=native -O3 -flto=auto  conftest.c >&5
configure:5281: $? = 0
configure:5281: result: yes
configure:5281: checking for string.h
configure:5281: gcc -c -march=native -mtune=native -O3 -flto=auto  conftest.c >&5
configure:5281: $? = 0
configure:5281: result: yes
configure:5281: checking for inttypes.h
configure:5281: gcc -c -march=native -mtune=native -O3 -flto=auto  conftest.c >&5
configure:5281: $? = 0
configure:5281: result: yes
configure:5281: checking for stdint.h
configure:5281: gcc -c -march=native -mtune=native -O3 -flto=auto  conftest.c >&5
configure:5281: $? = 0
configure:5281: result: yes
configure:5281: checking for strings.h
configure:5281: gcc -c -march=native -mtune=native -O3 -flto=auto  conftest.c >&5
configure:5281: $? = 0
configure:5281: result: yes
configure:5281: checking for sys/stat.h
configure:5281: gcc -c -march=native -mtune=native -O3 -flto=auto  conftest.c >&5
configure:5281: $? = 0
configure:5281: result: yes
configure:5281: checking for sys/types.h
configure:5281: gcc -c -march=native -mtune=native -O3 -flto=auto  conftest.c >&5
configure:5281: $? = 0
configure:5281: result: yes
configure:5281: checking for unistd.h
configure:5281: gcc -c -march=native -mtune=native -O3 -flto=auto  conftest.c >&5
configure:5281: $? = 0
configure:5281: result: yes
configure:5281: checking for wchar.h
configure:5281: gcc -c -march=native -mtune=native -O3 -flto=auto  conftest.c >&5
configure:5281: $? = 0
configure:5281: result: yes
configure:5281: checking for minix/config.h
configure:5281: gcc -c -march=native -mtune=native -O3 -flto=auto  conftest.c >&5
conftest.c:49:10: fatal error: minix/config.h: No such file or directory
   49 | #include <minix/config.h>
      |          ^~~~~~~~~~~~~~~~
compilation terminated.
configure:5281: $? = 1
configure: failed program was:
| /* confdefs.h */
| #define PACKAGE_NAME "alsa-lib"
| #define PACKAGE_TARNAME "alsa-lib"
| #define PACKAGE_VERSION "1.2.14"
| #define PACKAGE_STRING "alsa-lib 1.2.14"
| #define PACKAGE_BUGREPORT ""
| #define PACKAGE_URL ""
| #define PACKAGE "alsa-lib"
| #define VERSION "1.2.14"
| #define HAVE_STDIO_H 1
| #define HAVE_STDLIB_H 1
| #define HAVE_STRING_H 1
| #define HAVE_INTTYPES_H 1
| #define HAVE_STDINT_H 1
| #define HAVE_STRINGS_H 1
| #define HAVE_SYS_STAT_H 1
| #define HAVE_SYS_TYPES_H 1
| #define HAVE_UNISTD_H 1
| #define HAVE_WCHAR_H 1
| /* end confdefs.h.  */
| #include <stddef.h>
| #ifdef HAVE_STDIO_H
| # include <stdio.h>
| #endif
| #ifdef HAVE_STDLIB_H
| # include <stdlib.h>
| #endif
| #ifdef HAVE_STRING_H
| # include <string.h>
| #endif
| #ifdef HAVE_INTTYPES_H
| # include <inttypes.h>
| #endif
| #ifdef HAVE_STDINT_H
| # include <stdint.h>
| #endif
| #ifdef HAVE_STRINGS_H
| # include <strings.h>
| #endif
| #ifdef HAVE_SYS_TYPES_H
| # include <sys/types.h>
| #endif
| #ifdef HAVE_SYS_STAT_H
| # include <sys/stat.h>
| #endif
| #ifdef HAVE_UNISTD_H
| # include <unistd.h>
| #endif
| #include <minix/config.h>
configure:5281: result: no
configure:5281: checking for sys/time.h
configure:5281: gcc -c -march=native -mtune=native -O3 -flto=auto  conftest.c >&5
configure:5281: $? = 0
configure:5281: result: yes
configure:5312: checking whether it is safe to define __EXTENSIONS__
configure:5331: gcc -c -march=native -mtune=native -O3 -flto=auto  conftest.c >&5
configure:5331: $? = 0
configure:5341: result: yes
configure:5344: checking whether _XOPEN_SOURCE should be defined
configure:5366: gcc -c -march=native -mtune=native -O3 -flto=auto  conftest.c >&5
configure:5366: $? = 0
configure:5395: result: no
configure:5455: checking whether ln -s works
configure:5459: result: yes
configure:5550: checking how to print strings
configure:5577: result: printf
configure:5598: checking for a sed that does not truncate output
configure:5670: result: /usr/bin/sed
configure:5688: checking for grep that handles long lines and -e
configure:5754: result: /usr/bin/grep
configure:5759: checking for egrep
configure:5829: result: /usr/bin/grep -E
configure:5836: checking for fgrep
configure:5906: result: /usr/bin/grep -F
configure:5943: checking for ld used by gcc
configure:6012: result: /usr/bin/ld
configure:6019: checking if the linker (/usr/bin/ld) is GNU ld
configure:6036: result: yes
configure:6048: checking for BSD- or MS-compatible name lister (nm)
configure:6104: result: gcc-nm
configure:6246: checking the name lister (gcc-nm) interface
configure:6254: gcc -c -march=native -mtune=native -O3 -flto=auto  conftest.c >&5
configure:6257: gcc-nm "conftest.o"
configure:6260: output
00000000 B some_variable
configure:6268: result: BSD nm
configure:6272: checking the maximum length of command line arguments
configure:6405: result: 3145728
configure:6453: checking how to convert x86_64-pc-linux-gnu file names to x86_64-pc-linux-gnu format
configure:6495: result: func_convert_file_noop
configure:6502: checking how to convert x86_64-pc-linux-gnu file names to toolchain format
configure:6524: result: func_convert_file_noop
configure:6602: checking for /usr/bin/ld option to reload object files
configure:6611: result: -r
configure:6644: checking for file
configure:6665: found /usr/bin/file
configure:6678: result: file
configure:6741: checking for objdump
configure:6762: found /usr/bin/objdump
configure:6774: result: objdump
configure:6806: checking how to recognize dependent libraries
configure:7015: result: pass_all
configure:7106: checking for dlltool
configure:7142: result: no
configure:7172: checking how to associate runtime and link libraries
configure:7201: result: printf %s\n
configure:7261: checking for ranlib
configure:7294: result: gcc-ranlib
configure:7457: checking for archiver @FILE support
configure:7475: gcc -c -march=native -mtune=native -O3 -flto=auto  conftest.c >&5
configure:7475: $? = 0
configure:7479: gcc-ar cr libconftest.a @conftest.lst >&5
configure:7482: $? = 0
configure:7487: gcc-ar cr libconftest.a @conftest.lst >&5
/usr/bin/ar: conftest.o: No such file or directory
configure:7490: $? = 1
configure:7503: result: @
configure:7567: checking for strip
configure:7588: found /usr/bin/strip
configure:7600: result: strip
configure:7703: checking command to parse gcc-nm output from gcc object
configure:7859: gcc -c -march=native -mtune=native -O3 -flto=auto  conftest.c >&5
configure:7862: $? = 0
configure:7866: gcc-nm conftest.o | /usr/bin/sed -n -e 's/^.*[	 ]\([ABCDGIRSTW][ABCDGIRSTW]*\)[	 ][	 ]*\([_A-Za-z][_A-Za-z0-9]*\)$/\1 \2 \2/p' | /usr/bin/sed '/ __gnu_lto/d' > conftest.nm
configure:7932: gcc -o conftest -march=native -mtune=native -O3 -flto=auto  -static -flto=auto conftest.c conftstm.o >&5
configure:7935: $? = 0
configure:7974: result: ok
configure:8021: checking for sysroot
configure:8055: result: no
configure:8062: checking for a working dd
configure:8107: result: /usr/bin/dd
configure:8111: checking how to truncate binary pipes
configure:8128: result: /usr/bin/dd bs=4096 count=1
configure:8265: gcc -c -march=native -mtune=native -O3 -flto=auto  conftest.c >&5
configure:8268: $? = 0
configure:8468: checking for mt
configure:8504: result: no
configure:8524: checking if : is a manifest tool
configure:8531: : '-?'
configure:8540: result: no
configure:9333: checking for dlfcn.h
configure:9333: gcc -c -march=native -mtune=native -O3 -flto=auto  conftest.c >&5
configure:9333: $? = 0
configure:9333: result: yes
configure:9585: checking which variant of shared library versioning to provide
configure:9588: result: (default) aix
configure:9656: checking for objdir
configure:9673: result: .libs
configure:9939: checking if gcc supports -fno-rtti -fno-exceptions
configure:9958: gcc -c -march=native -mtune=native -O3 -flto=auto  -fno-rtti -fno-exceptions conftest.c >&5
cc1: warning: command-line option '-fno-rtti' is valid for C++/D/ObjC++ but not for C
configure:9962: $? = 0
configure:9976: result: no
configure:10349: checking for gcc option to produce PIC
configure:10358: result: -fPIC -DPIC
configure:10366: checking if gcc PIC flag -fPIC -DPIC works
configure:10385: gcc -c -march=native -mtune=native -O3 -flto=auto  -fPIC -DPIC -DPIC conftest.c >&5
configure:10389: $? = 0
configure:10403: result: yes
configure:10432: checking if gcc static flag -static works
configure:10462: result: yes
configure:10477: checking if gcc supports -c -o file.o
configure:10499: gcc -c -march=native -mtune=native -O3 -flto=auto  -o out/conftest2.o conftest.c >&5
configure:10503: $? = 0
configure:10526: result: yes
configure:10534: checking if gcc supports -c -o file.o
configure:10583: result: yes
configure:10616: checking whether the gcc linker (/usr/bin/ld -m elf_x86_64) supports shared libraries
configure:11906: result: yes
configure:12148: checking dynamic linker characteristics
configure:12779: gcc -o conftest -march=native -mtune=native -O3 -flto=auto  -static -flto=auto -Wl,-rpath -Wl,/foo conftest.c  >&5
configure:12779: $? = 0
configure:13536: result: GNU/Linux ld.so
configure:13658: checking how to hardcode library paths into programs
configure:13683: result: immediate
configure:13794: checking for shl_load
configure:13794: gcc -o conftest -march=native -mtune=native -O3 -flto=auto  -static -flto=auto conftest.c  >&5
/usr/bin/ld: /tmp/ccpqvvxN.ltrans0.ltrans.o: in function `main':
<artificial>:(.text.startup+0x5): undefined reference to `shl_load'
collect2: error: ld returned 1 exit status
configure:13794: $? = 1
configure: failed program was:
| /* confdefs.h */
| #define PACKAGE_NAME "alsa-lib"
| #define PACKAGE_TARNAME "alsa-lib"
| #define PACKAGE_VERSION "1.2.14"
| #define PACKAGE_STRING "alsa-lib 1.2.14"
| #define PACKAGE_BUGREPORT ""
| #define PACKAGE_URL ""
| #define PACKAGE "alsa-lib"
| #define VERSION "1.2.14"
| #define HAVE_STDIO_H 1
| #define HAVE_STDLIB_H 1
| #define HAVE_STRING_H 1
| #define HAVE_INTTYPES_H 1
| #define HAVE_STDINT_H 1
| #define HAVE_STRINGS_H 1
| #define HAVE_SYS_STAT_H 1
| #define HAVE_SYS_TYPES_H 1
| #define HAVE_UNISTD_H 1
| #define HAVE_WCHAR_H 1
| #define HAVE_SYS_TIME_H 1
| #define STDC_HEADERS 1
| #define _ALL_SOURCE 1
| #define _DARWIN_C_SOURCE 1
| #define _GNU_SOURCE 1
| #define _HPUX_ALT_XOPEN_SOCKET_API 1
| #define _NETBSD_SOURCE 1
| #define _OPENBSD_SOURCE 1
| #define _POSIX_PTHREAD_SEMANTICS 1
| #define __STDC_WANT_IEC_60559_ATTRIBS_EXT__ 1
| #define __STDC_WANT_IEC_60559_BFP_EXT__ 1
| #define __STDC_WANT_IEC_60559_DFP_EXT__ 1
| #define __STDC_WANT_IEC_60559_EXT__ 1
| #define __STDC_WANT_IEC_60559_FUNCS_EXT__ 1
| #define __STDC_WANT_IEC_60559_TYPES_EXT__ 1
| #define __STDC_WANT_LIB_EXT2__ 1
| #define __STDC_WANT_MATH_SPEC_FUNCS__ 1
| #define _TANDEM_SOURCE 1
| #define __EXTENSIONS__ 1
| #define HAVE_DLFCN_H 1
| #define LT_OBJDIR ".libs/"
| /* end confdefs.h.  */
| /* Define shl_load to an innocuous variant, in case <limits.h> declares shl_load.
|    For example, HP-UX 11i <limits.h> declares gettimeofday.  */
| #define shl_load innocuous_shl_load
| 
| /* System header to define __stub macros and hopefully few prototypes,
|    which can conflict with char shl_load (void); below.  */
| 
| #include <limits.h>
| #undef shl_load
| 
| /* Override any GCC internal prototype to avoid an error.
|    Use char because int might match the return type of a GCC
|    builtin and then its argument prototype would still apply.  */
| #ifdef __cplusplus
| extern "C"
| #endif
| char shl_load (void);
| /* The GNU C library defines this for functions which it implements
|     to always fail with ENOSYS.  Some functions are actually named
|     something starting with __ and the normal name is an alias.  */
| #if defined __stub_shl_load || defined __stub___shl_load
| choke me
| #endif
| 
| int
| main (void)
| {
| return shl_load ();
|   ;
|   return 0;
| }
configure:13794: result: no
configure:13799: checking for shl_load in -ldld
configure:13828: gcc -o conftest -march=native -mtune=native -O3 -flto=auto  -static -flto=auto conftest.c -ldld   >&5
/usr/bin/ld: cannot find -ldld: No such file or directory
/usr/bin/ld: have you installed the static version of the dld library ?
collect2: error: ld returned 1 exit status
configure:13828: $? = 1
configure: failed program was:
| /* confdefs.h */
| #define PACKAGE_NAME "alsa-lib"
| #define PACKAGE_TARNAME "alsa-lib"
| #define PACKAGE_VERSION "1.2.14"
| #define PACKAGE_STRING "alsa-lib 1.2.14"
| #define PACKAGE_BUGREPORT ""
| #define PACKAGE_URL ""
| #define PACKAGE "alsa-lib"
| #define VERSION "1.2.14"
| #define HAVE_STDIO_H 1
| #define HAVE_STDLIB_H 1
| #define HAVE_STRING_H 1
| #define HAVE_INTTYPES_H 1
| #define HAVE_STDINT_H 1
| #define HAVE_STRINGS_H 1
| #define HAVE_SYS_STAT_H 1
| #define HAVE_SYS_TYPES_H 1
| #define HAVE_UNISTD_H 1
| #define HAVE_WCHAR_H 1
| #define HAVE_SYS_TIME_H 1
| #define STDC_HEADERS 1
| #define _ALL_SOURCE 1
| #define _DARWIN_C_SOURCE 1
| #define _GNU_SOURCE 1
| #define _HPUX_ALT_XOPEN_SOCKET_API 1
| #define _NETBSD_SOURCE 1
| #define _OPENBSD_SOURCE 1
| #define _POSIX_PTHREAD_SEMANTICS 1
| #define __STDC_WANT_IEC_60559_ATTRIBS_EXT__ 1
| #define __STDC_WANT_IEC_60559_BFP_EXT__ 1
| #define __STDC_WANT_IEC_60559_DFP_EXT__ 1
| #define __STDC_WANT_IEC_60559_EXT__ 1
| #define __STDC_WANT_IEC_60559_FUNCS_EXT__ 1
| #define __STDC_WANT_IEC_60559_TYPES_EXT__ 1
| #define __STDC_WANT_LIB_EXT2__ 1
| #define __STDC_WANT_MATH_SPEC_FUNCS__ 1
| #define _TANDEM_SOURCE 1
| #define __EXTENSIONS__ 1
| #define HAVE_DLFCN_H 1
| #define LT_OBJDIR ".libs/"
| /* end confdefs.h.  */
| 
| /* Override any GCC internal prototype to avoid an error.
|    Use char because int might match the return type of a GCC
|    builtin and then its argument prototype would still apply.
|    The 'extern "C"' is for builds by C++ compilers;
|    although this is not generally supported in C code supporting it here
|    has little cost and some practical benefit (sr 110532).  */
| #ifdef __cplusplus
| extern "C"
| #endif
| char shl_load (void);
| int
| main (void)
| {
| return shl_load ();
|   ;
|   return 0;
| }
configure:13840: result: no
configure:13846: checking for dlopen
configure:13846: gcc -o conftest -march=native -mtune=native -O3 -flto=auto  -static -flto=auto conftest.c  >&5
/usr/bin/ld: /tmp/ccMgXlS1.ltrans0.ltrans.o: in function `main':
<artificial>:(.text.startup+0x5): warning: Using 'dlopen' in statically linked applications requires at runtime the shared libraries from the glibc version used for linking
configure:13846: $? = 0
configure:13846: result: yes
configure:14033: checking whether a program can dlopen itself
configure:14114: gcc -o conftest -march=native -mtune=native -O3 -flto=auto  -DHAVE_DLFCN_H -static -flto=auto -Wl,--export-dynamic conftest.c   >&5
/usr/bin/ld: /tmp/ccS1gSWQ.ltrans0.ltrans.o: in function `main':
<artificial>:(.text.startup+0x9): warning: Using 'dlopen' in statically linked applications requires at runtime the shared libraries from the glibc version used for linking
configure:14117: $? = 0
conftest: undefined symbol: _fnord
configure:14136: result: no
configure:14283: checking whether stripping libraries is possible
configure:14292: result: yes
configure:14334: checking if libtool supports shared libraries
configure:14336: result: yes
configure:14339: checking whether to build shared libraries
configure:14364: result: no
configure:14367: checking whether to build static libraries
configure:14371: result: yes
configure:14428: checking if gcc supports -Wl,--no-undefined flag
configure:14440: gcc -o conftest -march=native -mtune=native -O3 -flto=auto  -static -flto=auto -Wl,--no-undefined conftest.c  >&5
configure:14440: $? = 0
configure:14454: result: yes
configure:14428: checking if gcc supports -Wl,-z,defs flag
configure:14440: gcc -o conftest -march=native -mtune=native -O3 -flto=auto  -static -flto=auto -Wl,-z,defs conftest.c  >&5
configure:14440: $? = 0
configure:14454: result: yes
configure:14473: checking for egrep
configure:14543: result: /usr/bin/grep -E
configure:14554: checking for an ANSI C-conforming const
configure:14621: gcc -c -march=native -mtune=native -O3 -flto=auto  conftest.c >&5
configure:14621: $? = 0
configure:14631: result: yes
configure:14639: checking for inline
configure:14656: gcc -c -march=native -mtune=native -O3 -flto=auto  conftest.c >&5
configure:14656: $? = 0
configure:14666: result: inline
configure:14714: gcc -c -O0 -Werror  conftest.c >&5
configure:14714: $? = 0
configure:14735: checking for uselocale
configure:14735: gcc -o conftest -march=native -mtune=native -O3 -flto=auto  -static -flto=auto conftest.c  >&5
configure:14735: $? = 0
configure:14735: result: yes
configure:14742: checking for eaccess
configure:14742: gcc -o conftest -march=native -mtune=native -O3 -flto=auto  -static -flto=auto conftest.c  >&5
configure:14742: $? = 0
configure:14742: result: yes
configure:14927: checking for library version
configure:14950: result: major 1 minor 2 subminor 14 extrastr  extraver 1000000
configure:15049: checking for versioned symbols
configure:15078: result: yes
configure:15097: checking for symbolic-functions
configure:15118: result: no
configure:15130: checking for custom symbol prefixes
configure:15141: result: 
configure:15144: checking for debug
configure:15163: result: no
configure:15191: checking for tmpdir
configure:15203: result: /tmp
configure:15209: checking for softfloat
configure:15228: result: no
configure:15237: checking for LFS calls
configure:15250: gcc -o conftest -march=native -mtune=native -O3 -flto=auto  -static -flto=auto conftest.c  >&5
configure:15250: $? = 0
configure:15260: result: yes
configure:15270: checking for libdl
configure:15357: result: no
configure:15369: checking for pthread
configure:15437: result: no
configure:15535: checking for __thread
configure:15550: gcc -o conftest -march=native -mtune=native -O3 -flto=auto  -static -flto=auto conftest.c  >&5
configure:15550: $? = 0
configure:15555: result: yes
configure:15565: checking for librt
configure:15636: result: no
configure:15642: checking for use of wordexp
configure:15670: result: no
configure:15674: checking for endian.h
configure:15674: gcc -c -march=native -mtune=native -O3 -flto=auto  conftest.c >&5
configure:15674: $? = 0
configure:15674: result: yes
configure:15680: checking for sys/endian.h
configure:15680: gcc -c -march=native -mtune=native -O3 -flto=auto  conftest.c >&5
conftest.c:85:10: fatal error: sys/endian.h: No such file or directory
   85 | #include <sys/endian.h>
      |          ^~~~~~~~~~~~~~
compilation terminated.
configure:15680: $? = 1
configure: failed program was:
| /* confdefs.h */
| #define PACKAGE_NAME "alsa-lib"
| #define PACKAGE_TARNAME "alsa-lib"
| #define PACKAGE_VERSION "1.2.14"
| #define PACKAGE_STRING "alsa-lib 1.2.14"
| #define PACKAGE_BUGREPORT ""
| #define PACKAGE_URL ""
| #define PACKAGE "alsa-lib"
| #define VERSION "1.2.14"
| #define HAVE_STDIO_H 1
| #define HAVE_STDLIB_H 1
| #define HAVE_STRING_H 1
| #define HAVE_INTTYPES_H 1
| #define HAVE_STDINT_H 1
| #define HAVE_STRINGS_H 1
| #define HAVE_SYS_STAT_H 1
| #define HAVE_SYS_TYPES_H 1
| #define HAVE_UNISTD_H 1
| #define HAVE_WCHAR_H 1
| #define HAVE_SYS_TIME_H 1
| #define STDC_HEADERS 1
| #define _ALL_SOURCE 1
| #define _DARWIN_C_SOURCE 1
| #define _GNU_SOURCE 1
| #define _HPUX_ALT_XOPEN_SOCKET_API 1
| #define _NETBSD_SOURCE 1
| #define _OPENBSD_SOURCE 1
| #define _POSIX_PTHREAD_SEMANTICS 1
| #define __STDC_WANT_IEC_60559_ATTRIBS_EXT__ 1
| #define __STDC_WANT_IEC_60559_BFP_EXT__ 1
| #define __STDC_WANT_IEC_60559_DFP_EXT__ 1
| #define __STDC_WANT_IEC_60559_EXT__ 1
| #define __STDC_WANT_IEC_60559_FUNCS_EXT__ 1
| #define __STDC_WANT_IEC_60559_TYPES_EXT__ 1
| #define __STDC_WANT_LIB_EXT2__ 1
| #define __STDC_WANT_MATH_SPEC_FUNCS__ 1
| #define _TANDEM_SOURCE 1
| #define __EXTENSIONS__ 1
| #define HAVE_DLFCN_H 1
| #define LT_OBJDIR ".libs/"
| #define TIME_WITH_SYS_TIME 1
| #define HAVE_ATTRIBUTE_SYMVER 1
| #define HAVE_USELOCALE 1
| #define HAVE_EACCESS 1
| #define VERSION "1.2.14"
| #define ALSA_CONFIG_DIR "/usr/share/alsa"
| #define ALSA_PLUGIN_DIR "/usr/lib/alsa-lib"
| #define ALSA_PKGCONF_DIR "/usr/lib/pkgconfig"
| #define VERSIONED_SYMBOLS /**/
| #define __SYMBOL_PREFIX ""
| #define NDEBUG /**/
| #define TMPDIR "/tmp"
| #define HAVE_LFS 1
| #define HAVE___THREAD 1
| #define HAVE_ENDIAN_H 1
| /* end confdefs.h.  */
| #include <stddef.h>
| #ifdef HAVE_STDIO_H
| # include <stdio.h>
| #endif
| #ifdef HAVE_STDLIB_H
| # include <stdlib.h>
| #endif
| #ifdef HAVE_STRING_H
| # include <string.h>
| #endif
| #ifdef HAVE_INTTYPES_H
| # include <inttypes.h>
| #endif
| #ifdef HAVE_STDINT_H
| # include <stdint.h>
| #endif
| #ifdef HAVE_STRINGS_H
| # include <strings.h>
| #endif
| #ifdef HAVE_SYS_TYPES_H
| # include <sys/types.h>
| #endif
| #ifdef HAVE_SYS_STAT_H
| # include <sys/stat.h>
| #endif
| #ifdef HAVE_UNISTD_H
| # include <unistd.h>
| #endif
| #include <sys/endian.h>
configure:15680: result: no
configure:15686: checking for sys/shm.h
configure:15686: gcc -c -march=native -mtune=native -O3 -flto=auto  conftest.c >&5
configure:15686: $? = 0
configure:15686: result: yes
configure:15692: checking for malloc.h
configure:15692: gcc -c -march=native -mtune=native -O3 -flto=auto  conftest.c >&5
configure:15692: $? = 0
configure:15692: result: yes
configure:15700: checking for resmgr support
configure:15711: result: no
configure:15773: checking for aload* support
configure:15784: result: no
configure:15792: checking for ALSA device file directory
configure:15810: result: /dev/snd/
configure:15813: checking for aload* device file directory
configure:15831: result: /dev/
configure:16138: checking whether GCC supports builtin atomic intrinsics
configure:16156: gcc -o conftest -march=native -mtune=native -O3 -flto=auto  -static -flto=auto conftest.c  >&5
configure:16156: $? = 0
configure:16166: result: yes
configure:16181: gcc -o conftest -march=native -mtune=native -O3 -flto=auto  -static -flto=auto conftest.c  >&5
configure:16181: $? = 0
configure:16623: checking for max number of cards
configure:16635: result: 32
configure:16789: checking that generated files are newer than configure
configure:16795: result: done
configure:17028: creating ./config.status

## ---------------------- ##
## Running config.status. ##
## ---------------------- ##

This file was extended by alsa-lib config.status 1.2.14, which was
generated by GNU Autoconf 2.72.  Invocation command line was

  CONFIG_FILES    = 
  CONFIG_HEADERS  = 
  CONFIG_LINKS    = 
  CONFIG_COMMANDS = 
  $ ./config.status 

on cachyos-x8664

config.status:1275: creating Makefile
config.status:1275: creating doc/Makefile
config.status:1275: creating doc/pictures/Makefile
config.status:1275: creating doc/doxygen.cfg
config.status:1275: creating include/Makefile
config.status:1275: creating include/sound/Makefile
config.status:1275: creating include/sound/uapi/Makefile
config.status:1275: creating src/Versions.in
config.status:1275: creating src/Makefile
config.status:1275: creating src/control/Makefile
config.status:1275: creating src/mixer/Makefile
config.status:1275: creating src/pcm/Makefile
config.status:1275: creating src/pcm/scopes/Makefile
config.status:1275: creating src/rawmidi/Makefile
config.status:1275: creating src/timer/Makefile
config.status:1275: creating src/hwdep/Makefile
config.status:1275: creating src/seq/Makefile
config.status:1275: creating src/ucm/Makefile
config.status:1275: creating src/topology/Makefile
config.status:1275: creating src/conf/Makefile
config.status:1275: creating src/conf/cards/Makefile
config.status:1275: creating src/conf/ctl/Makefile
config.status:1275: creating src/conf/pcm/Makefile
config.status:1275: creating modules/Makefile
config.status:1275: creating modules/mixer/Makefile
config.status:1275: creating modules/mixer/simple/Makefile
config.status:1275: creating aserver/Makefile
config.status:1275: creating test/Makefile
config.status:1275: creating test/lsb/Makefile
config.status:1275: creating utils/Makefile
config.status:1275: creating utils/alsa-lib.spec
config.status:1275: creating utils/alsa.pc
config.status:1275: creating utils/alsa-topology.pc
config.status:1275: creating include/config.h
config.status:1504: executing depfiles commands
config.status:1579: cd src       && sed -e '/# am--include-marker/d' Makefile         | make -f - am--depfiles
config.status:1586: $? = 0
config.status:1579: cd src/control       && sed -e '/# am--include-marker/d' Makefile         | make -f - am--depfiles
config.status:1586: $? = 0
config.status:1579: cd src/mixer       && sed -e '/# am--include-marker/d' Makefile         | make -f - am--depfiles
config.status:1586: $? = 0
config.status:1579: cd src/pcm       && sed -e '/# am--include-marker/d' Makefile         | make -f - am--depfiles
config.status:1586: $? = 0
config.status:1579: cd src/pcm/scopes       && sed -e '/# am--include-marker/d' Makefile         | make -f - am--depfiles
config.status:1586: $? = 0
config.status:1579: cd src/rawmidi       && sed -e '/# am--include-marker/d' Makefile         | make -f - am--depfiles
config.status:1586: $? = 0
config.status:1579: cd src/timer       && sed -e '/# am--include-marker/d' Makefile         | make -f - am--depfiles
config.status:1586: $? = 0
config.status:1579: cd src/hwdep       && sed -e '/# am--include-marker/d' Makefile         | make -f - am--depfiles
config.status:1586: $? = 0
config.status:1579: cd src/seq       && sed -e '/# am--include-marker/d' Makefile         | make -f - am--depfiles
config.status:1586: $? = 0
config.status:1579: cd src/ucm       && sed -e '/# am--include-marker/d' Makefile         | make -f - am--depfiles
config.status:1586: $? = 0
config.status:1579: cd src/topology       && sed -e '/# am--include-marker/d' Makefile         | make -f - am--depfiles
config.status:1586: $? = 0
config.status:1579: cd modules/mixer/simple       && sed -e '/# am--include-marker/d' Makefile         | make -f - am--depfiles
config.status:1586: $? = 0
config.status:1579: cd aserver       && sed -e '/# am--include-marker/d' Makefile         | make -f - am--depfiles
config.status:1586: $? = 0
config.status:1579: cd test       && sed -e '/# am--include-marker/d' Makefile         | make -f - am--depfiles
config.status:1586: $? = 0
config.status:1579: cd test/lsb       && sed -e '/# am--include-marker/d' Makefile         | make -f - am--depfiles
config.status:1586: $? = 0
config.status:1504: executing libtool commands

## ---------------- ##
## Cache variables. ##
## ---------------- ##

ac_cv_build='x86_64-pc-linux-gnu'
ac_cv_c_compiler_gnu='yes'
ac_cv_c_const='yes'
ac_cv_c_inline='inline'
ac_cv_env_CC_set='set'
ac_cv_env_CC_value='gcc'
ac_cv_env_CFLAGS_set='set'
ac_cv_env_CFLAGS_value='-march=native -mtune=native -O3 -flto=auto'
ac_cv_env_CPPFLAGS_set=''
ac_cv_env_CPPFLAGS_value=''
ac_cv_env_CPP_set=''
ac_cv_env_CPP_value=''
ac_cv_env_LDFLAGS_set='set'
ac_cv_env_LDFLAGS_value='-static -flto=auto'
ac_cv_env_LIBS_set=''
ac_cv_env_LIBS_value=''
ac_cv_env_LT_SYS_LIBRARY_PATH_set=''
ac_cv_env_LT_SYS_LIBRARY_PATH_value=''
ac_cv_env_build_alias_set=''
ac_cv_env_build_alias_value=''
ac_cv_env_host_alias_set=''
ac_cv_env_host_alias_value=''
ac_cv_env_target_alias_set=''
ac_cv_env_target_alias_value=''
ac_cv_func_dlopen='yes'
ac_cv_func_eaccess='yes'
ac_cv_func_shl_load='no'
ac_cv_func_uselocale='yes'
ac_cv_header_dlfcn_h='yes'
ac_cv_header_endian_h='yes'
ac_cv_header_inttypes_h='yes'
ac_cv_header_malloc_h='yes'
ac_cv_header_minix_config_h='no'
ac_cv_header_stdint_h='yes'
ac_cv_header_stdio_h='yes'
ac_cv_header_stdlib_h='yes'
ac_cv_header_string_h='yes'
ac_cv_header_strings_h='yes'
ac_cv_header_sys_endian_h='no'
ac_cv_header_sys_shm_h='yes'
ac_cv_header_sys_stat_h='yes'
ac_cv_header_sys_time_h='yes'
ac_cv_header_sys_types_h='yes'
ac_cv_header_unistd_h='yes'
ac_cv_header_wchar_h='yes'
ac_cv_host='x86_64-pc-linux-gnu'
ac_cv_lib_dld_shl_load='no'
ac_cv_objext='o'
ac_cv_path_EGREP='/usr/bin/grep -E'
ac_cv_path_EGREP_TRADITIONAL='/usr/bin/grep -E'
ac_cv_path_FGREP='/usr/bin/grep -F'
ac_cv_path_GREP='/usr/bin/grep'
ac_cv_path_SED='/usr/bin/sed'
ac_cv_path_install='/usr/bin/install -c'
ac_cv_path_lt_DD='/usr/bin/dd'
ac_cv_path_mkdir='/usr/bin/mkdir'
ac_cv_prog_AWK='gawk'
ac_cv_prog_CPP='gcc -E'
ac_cv_prog_FILECMD='file'
ac_cv_prog_ac_ct_CC='gcc'
ac_cv_prog_ac_ct_OBJDUMP='objdump'
ac_cv_prog_ac_ct_RANLIB='gcc-ranlib'
ac_cv_prog_ac_ct_STRIP='strip'
ac_cv_prog_cc_c11=''
ac_cv_prog_cc_g='yes'
ac_cv_prog_cc_stdc=''
ac_cv_prog_make_make_set='yes'
ac_cv_safe_to_define___extensions__='yes'
ac_cv_should_define__xopen_source='no'
am_cv_CC_dependencies_compiler_type='gcc3'
am_cv_filesystem_timestamp_resolution='0.01'
am_cv_make_support_nested_variables='yes'
am_cv_prog_cc_c_o='yes'
am_cv_prog_tar_ustar='gnutar'
am_cv_sleep_fractional_seconds='yes'
am_cv_xargs_n_works='yes'
cc_cv_ldflags__Wl___no_undefined='yes'
cc_cv_ldflags__Wl__z_defs='yes'
lt_cv_ar_at_file='@'
lt_cv_deplibs_check_method='pass_all'
lt_cv_dlopen='dlopen'
lt_cv_dlopen_libs=''
lt_cv_dlopen_self='no'
lt_cv_file_magic_cmd='$MAGIC_CMD'
lt_cv_file_magic_test_file=''
lt_cv_ld_reload_flag='-r'
lt_cv_nm_interface='BSD nm'
lt_cv_objdir='.libs'
lt_cv_path_LD='/usr/bin/ld'
lt_cv_path_NM='gcc-nm'
lt_cv_path_manifest_tool='no'
lt_cv_prog_compiler_c_o='yes'
lt_cv_prog_compiler_pic='-fPIC -DPIC'
lt_cv_prog_compiler_pic_works='yes'
lt_cv_prog_compiler_rtti_exceptions='no'
lt_cv_prog_compiler_static_works='yes'
lt_cv_prog_gnu_ld='yes'
lt_cv_sharedlib_from_linklib_cmd='printf %s\n'
lt_cv_shlibpath_overrides_runpath='no'
lt_cv_sys_global_symbol_pipe='/usr/bin/sed -n -e '"'"'s/^.*[	 ]\([ABCDGIRSTW][ABCDGIRSTW]*\)[	 ][	 ]*\([_A-Za-z][_A-Za-z0-9]*\)$/\1 \2 \2/p'"'"' | /usr/bin/sed '"'"'/ __gnu_lto/d'"'"
lt_cv_sys_global_symbol_to_c_name_address='/usr/bin/sed -n -e '"'"'s/^: \(.*\) .*$/  {"\1", (void *) 0},/p'"'"' -e '"'"'s/^[ABCDGIRSTW][ABCDGIRSTW]* .* \([a-zA-Z_][a-zA-Z0-9_]*\)$/  {"\1", (void *) \&\1},/p'"'"
lt_cv_sys_global_symbol_to_c_name_address_lib_prefix='/usr/bin/sed -n -e '"'"'s/^: \(.*\) .*$/  {"\1", (void *) 0},/p'"'"' -e '"'"'s/^[ABCDGIRSTW][ABCDGIRSTW]* .* \(lib[a-zA-Z_][a-zA-Z0-9_]*\)$/  {"\1", (void *) \&\1},/p'"'"' -e '"'"'s/^[ABCDGIRSTW][ABCDGIRSTW]* .* \([a-zA-Z_][a-zA-Z0-9_]*\)$/  {"lib\1", (void *) \&\1},/p'"'"
lt_cv_sys_global_symbol_to_cdecl='/usr/bin/sed -n -e '"'"'s/^T .* \([a-zA-Z_][a-zA-Z0-9_]*\)$/extern int \1();/p'"'"' -e '"'"'s/^[ABCDGIRSTW][ABCDGIRSTW]* .* \([a-zA-Z_][a-zA-Z0-9_]*\)$/extern char \1;/p'"'"
lt_cv_sys_global_symbol_to_import=''
lt_cv_sys_max_cmd_len='3145728'
lt_cv_to_host_file_cmd='func_convert_file_noop'
lt_cv_to_tool_file_cmd='func_convert_file_noop'
lt_cv_truncate_bin='/usr/bin/dd bs=4096 count=1'

## ----------------- ##
## Output variables. ##
## ----------------- ##

ACLOCAL='${SHELL} '\''/home/free2/code/musl2gcc/tmp/alsa-lib-1.2.14/missing'\'' aclocal-1.18'
ALSA_CONFIG_DIR='/usr/share/alsa'
ALSA_DEPLIBS='-lm'
ALSA_PKGCONF_DIR='/usr/lib/pkgconfig'
ALSA_PLUGIN_DIR='/usr/lib/alsa-lib'
AMDEPBACKSLASH='\'
AMDEP_FALSE='#'
AMDEP_TRUE=''
AMTAR='$${TAR-tar}'
AM_BACKSLASH='\'
AM_DEFAULT_V='$(AM_DEFAULT_VERBOSITY)'
AM_DEFAULT_VERBOSITY='0'
AM_V='$(V)'
AR='gcc-ar'
AUTOCONF='${SHELL} '\''/home/free2/code/musl2gcc/tmp/alsa-lib-1.2.14/missing'\'' autoconf'
AUTOHEADER='${SHELL} '\''/home/free2/code/musl2gcc/tmp/alsa-lib-1.2.14/missing'\'' autoheader'
AUTOMAKE='${SHELL} '\''/home/free2/code/musl2gcc/tmp/alsa-lib-1.2.14/missing'\'' automake-1.18'
AWK='gawk'
BUILD_CTL_PLUGIN_EXT_FALSE=''
BUILD_CTL_PLUGIN_EXT_TRUE='#'
BUILD_CTL_PLUGIN_FALSE=''
BUILD_CTL_PLUGIN_REMAP_FALSE=''
BUILD_CTL_PLUGIN_REMAP_TRUE='#'
BUILD_CTL_PLUGIN_SHM_FALSE=''
BUILD_CTL_PLUGIN_SHM_TRUE='#'
BUILD_CTL_PLUGIN_TRUE='#'
BUILD_HWDEP_FALSE=''
BUILD_HWDEP_TRUE='#'
BUILD_MIXER_FALSE=''
BUILD_MIXER_MODULES_FALSE=''
BUILD_MIXER_MODULES_TRUE='#'
BUILD_MIXER_PYMODULES_FALSE=''
BUILD_MIXER_PYMODULES_TRUE='#'
BUILD_MIXER_TRUE='#'
BUILD_MODULES_FALSE=''
BUILD_MODULES_TRUE='#'
BUILD_PCM_FALSE='#'
BUILD_PCM_PLUGIN_ADPCM_FALSE=''
BUILD_PCM_PLUGIN_ADPCM_TRUE='#'
BUILD_PCM_PLUGIN_ALAW_FALSE=''
BUILD_PCM_PLUGIN_ALAW_TRUE='#'
BUILD_PCM_PLUGIN_ASYM_FALSE=''
BUILD_PCM_PLUGIN_ASYM_TRUE='#'
BUILD_PCM_PLUGIN_COPY_FALSE=''
BUILD_PCM_PLUGIN_COPY_TRUE='#'
BUILD_PCM_PLUGIN_DMIX_FALSE=''
BUILD_PCM_PLUGIN_DMIX_TRUE='#'
BUILD_PCM_PLUGIN_DSHARE_FALSE=''
BUILD_PCM_PLUGIN_DSHARE_TRUE='#'
BUILD_PCM_PLUGIN_DSNOOP_FALSE=''
BUILD_PCM_PLUGIN_DSNOOP_TRUE='#'
BUILD_PCM_PLUGIN_EMPTY_FALSE=''
BUILD_PCM_PLUGIN_EMPTY_TRUE='#'
BUILD_PCM_PLUGIN_EXTERNAL_FALSE=''
BUILD_PCM_PLUGIN_EXTERNAL_TRUE='#'
BUILD_PCM_PLUGIN_EXTPLUG_FALSE=''
BUILD_PCM_PLUGIN_EXTPLUG_TRUE='#'
BUILD_PCM_PLUGIN_FALSE=''
BUILD_PCM_PLUGIN_FILE_FALSE=''
BUILD_PCM_PLUGIN_FILE_TRUE='#'
BUILD_PCM_PLUGIN_HOOKS_FALSE=''
BUILD_PCM_PLUGIN_HOOKS_TRUE='#'
BUILD_PCM_PLUGIN_IEC958_FALSE=''
BUILD_PCM_PLUGIN_IEC958_TRUE='#'
BUILD_PCM_PLUGIN_IOPLUG_FALSE=''
BUILD_PCM_PLUGIN_IOPLUG_TRUE='#'
BUILD_PCM_PLUGIN_LADSPA_FALSE=''
BUILD_PCM_PLUGIN_LADSPA_TRUE='#'
BUILD_PCM_PLUGIN_LFLOAT_FALSE=''
BUILD_PCM_PLUGIN_LFLOAT_TRUE='#'
BUILD_PCM_PLUGIN_LINEAR_FALSE=''
BUILD_PCM_PLUGIN_LINEAR_TRUE='#'
BUILD_PCM_PLUGIN_METER_FALSE=''
BUILD_PCM_PLUGIN_METER_TRUE='#'
BUILD_PCM_PLUGIN_MMAP_EMUL_FALSE=''
BUILD_PCM_PLUGIN_MMAP_EMUL_TRUE='#'
BUILD_PCM_PLUGIN_MULAW_FALSE=''
BUILD_PCM_PLUGIN_MULAW_TRUE='#'
BUILD_PCM_PLUGIN_MULTI_FALSE=''
BUILD_PCM_PLUGIN_MULTI_TRUE='#'
BUILD_PCM_PLUGIN_NULL_FALSE=''
BUILD_PCM_PLUGIN_NULL_TRUE='#'
BUILD_PCM_PLUGIN_PLUG_FALSE=''
BUILD_PCM_PLUGIN_PLUG_TRUE='#'
BUILD_PCM_PLUGIN_RATE_FALSE=''
BUILD_PCM_PLUGIN_RATE_TRUE='#'
BUILD_PCM_PLUGIN_ROUTE_FALSE=''
BUILD_PCM_PLUGIN_ROUTE_TRUE='#'
BUILD_PCM_PLUGIN_SHARE_FALSE=''
BUILD_PCM_PLUGIN_SHARE_TRUE='#'
BUILD_PCM_PLUGIN_SHM_FALSE=''
BUILD_PCM_PLUGIN_SHM_TRUE='#'
BUILD_PCM_PLUGIN_SOFTVOL_FALSE=''
BUILD_PCM_PLUGIN_SOFTVOL_TRUE='#'
BUILD_PCM_PLUGIN_TRUE='#'
BUILD_PCM_TRUE=''
BUILD_RAWMIDI_FALSE=''
BUILD_RAWMIDI_TRUE='#'
BUILD_SEQ_FALSE=''
BUILD_SEQ_TRUE='#'
BUILD_TOPOLOGY_FALSE=''
BUILD_TOPOLOGY_TRUE='#'
BUILD_UCM_FALSE=''
BUILD_UCM_TRUE='#'
CC='gcc'
CCDEPMODE='depmode=gcc3'
CFLAGS='-march=native -mtune=native -O3 -flto=auto'
CPP='gcc -E'
CPPFLAGS=''
CSCOPE='cscope'
CTAGS='ctags'
CYGPATH_W='echo'
DEFS='-DHAVE_CONFIG_H'
DEPDIR='.deps'
DLLTOOL='false'
DSYMUTIL=''
DUMPBIN=''
ECHO_C=''
ECHO_N='-n'
ECHO_T=''
EGREP='/usr/bin/grep -E'
ETAGS='etags'
EXEEXT=''
FGREP='/usr/bin/grep -F'
FILECMD='file'
GREP='/usr/bin/grep'
INSTALL_DATA='${INSTALL} -m 644'
INSTALL_M4_FALSE='#'
INSTALL_M4_TRUE=''
INSTALL_PROGRAM='${INSTALL}'
INSTALL_SCRIPT='${INSTALL}'
INSTALL_STRIP_PROGRAM='$(install_sh) -c -s'
KEEP_OLD_SYMBOLS_FALSE=''
KEEP_OLD_SYMBOLS_TRUE='#'
LD='/usr/bin/ld -m elf_x86_64'
LDFLAGS='-static -flto=auto'
LDFLAGS_NOUNDEFINED='-Wl,-z,defs'
LIBOBJS=''
LIBS=''
LIBTOOL='$(SHELL) $(top_builddir)/libtool'
LIBTOOL_VERSION_INFO='2:0:0'
LIPO=''
LN_S='ln -s'
LTLIBOBJS=''
LT_SYS_LIBRARY_PATH=''
MAINT='#'
MAINTAINER_MODE_FALSE=''
MAINTAINER_MODE_TRUE='#'
MAKEINFO='${SHELL} '\''/home/free2/code/musl2gcc/tmp/alsa-lib-1.2.14/missing'\'' makeinfo'
MANIFEST_TOOL=':'
MKDIR_P='/usr/bin/mkdir -p'
NM='gcc-nm'
NMEDIT=''
OBJDUMP='objdump'
OBJEXT='o'
OTOOL64=''
OTOOL=''
PACKAGE='alsa-lib'
PACKAGE_BUGREPORT=''
PACKAGE_NAME='alsa-lib'
PACKAGE_STRING='alsa-lib 1.2.14'
PACKAGE_TARNAME='alsa-lib'
PACKAGE_URL=''
PACKAGE_VERSION='1.2.14'
PATH_SEPARATOR=':'
PYTHON_INCLUDES=''
PYTHON_LIBS=''
RANLIB='gcc-ranlib'
SED='/usr/bin/sed'
SET_MAKE=''
SHELL='/bin/sh'
SND_LIB_EXTRAVER='1000000'
SND_LIB_MAJOR='1'
SND_LIB_MINOR='2'
SND_LIB_SUBMINOR='14'
SND_LIB_VERSION='1.2.14'
STRIP='strip'
SYMBOLIC_FUNCTIONS_FALSE=''
SYMBOLIC_FUNCTIONS_TRUE='#'
SYMBOL_PREFIX=''
VERSION='1.2.14'
VERSIONED_SYMBOLS_FALSE='#'
VERSIONED_SYMBOLS_TRUE=''
ac_ct_AR=''
ac_ct_CC='gcc'
ac_ct_DUMPBIN=''
am__EXEEXT_FALSE=''
am__EXEEXT_TRUE='#'
am__fastdepCC_FALSE='#'
am__fastdepCC_TRUE=''
am__include='include'
am__isrc=''
am__leading_dot='.'
am__nodep='_no'
am__quote=''
am__rm_f_notfound=''
am__tar='tar --format=ustar -chf - "$$tardir"'
am__untar='tar -xf -'
am__xargs_n='xargs -n'
bindir='${exec_prefix}/bin'
build='x86_64-pc-linux-gnu'
build_alias=''
build_cpu='x86_64'
build_os='linux-gnu'
build_vendor='pc'
datadir='${datarootdir}'
datarootdir='${prefix}/share'
docdir='${datarootdir}/doc/${PACKAGE_TARNAME}'
dvidir='${docdir}'
exec_prefix='/usr'
host='x86_64-pc-linux-gnu'
host_alias=''
host_cpu='x86_64'
host_os='linux-gnu'
host_vendor='pc'
htmldir='${docdir}'
includedir='${prefix}/include'
infodir='${datarootdir}/info'
install_sh='${SHELL} /home/free2/code/musl2gcc/tmp/alsa-lib-1.2.14/install-sh'
libdir='${exec_prefix}/lib'
libexecdir='${exec_prefix}/libexec'
localedir='${datarootdir}/locale'
localstatedir='${prefix}/var'
mandir='${datarootdir}/man'
mkdir_p='$(MKDIR_P)'
oldincludedir='/usr/include'
pdfdir='${docdir}'
prefix='/usr'
program_transform_name='s,x,x,'
psdir='${docdir}'
runstatedir='${localstatedir}/run'
sbindir='${exec_prefix}/sbin'
sharedstatedir='${prefix}/com'
sysconfdir='${prefix}/etc'
target_alias=''

## ----------- ##
## confdefs.h. ##
## ----------- ##

/* confdefs.h */
#define PACKAGE_NAME "alsa-lib"
#define PACKAGE_TARNAME "alsa-lib"
#define PACKAGE_VERSION "1.2.14"
#define PACKAGE_STRING "alsa-lib 1.2.14"
#define PACKAGE_BUGREPORT ""
#define PACKAGE_URL ""
#define PACKAGE "alsa-lib"
#define VERSION "1.2.14"
#define HAVE_STDIO_H 1
#define HAVE_STDLIB_H 1
#define HAVE_STRING_H 1
#define HAVE_INTTYPES_H 1
#define HAVE_STDINT_H 1
#define HAVE_STRINGS_H 1
#define HAVE_SYS_STAT_H 1
#define HAVE_SYS_TYPES_H 1
#define HAVE_UNISTD_H 1
#define HAVE_WCHAR_H 1
#define HAVE_SYS_TIME_H 1
#define STDC_HEADERS 1
#define _ALL_SOURCE 1
#define _DARWIN_C_SOURCE 1
#define _GNU_SOURCE 1
#define _HPUX_ALT_XOPEN_SOCKET_API 1
#define _NETBSD_SOURCE 1
#define _OPENBSD_SOURCE 1
#define _POSIX_PTHREAD_SEMANTICS 1
#define __STDC_WANT_IEC_60559_ATTRIBS_EXT__ 1
#define __STDC_WANT_IEC_60559_BFP_EXT__ 1
#define __STDC_WANT_IEC_60559_DFP_EXT__ 1
#define __STDC_WANT_IEC_60559_EXT__ 1
#define __STDC_WANT_IEC_60559_FUNCS_EXT__ 1
#define __STDC_WANT_IEC_60559_TYPES_EXT__ 1
#define __STDC_WANT_LIB_EXT2__ 1
#define __STDC_WANT_MATH_SPEC_FUNCS__ 1
#define _TANDEM_SOURCE 1
#define __EXTENSIONS__ 1
#define HAVE_DLFCN_H 1
#define LT_OBJDIR ".libs/"
#define TIME_WITH_SYS_TIME 1
#define HAVE_ATTRIBUTE_SYMVER 1
#define HAVE_USELOCALE 1
#define HAVE_EACCESS 1
#define VERSION "1.2.14"
#define ALSA_CONFIG_DIR "/usr/share/alsa"
#define ALSA_PLUGIN_DIR "/usr/lib/alsa-lib"
#define ALSA_PKGCONF_DIR "/usr/lib/pkgconfig"
#define VERSIONED_SYMBOLS /**/
#define __SYMBOL_PREFIX ""
#define NDEBUG /**/
#define TMPDIR "/tmp"
#define HAVE_LFS 1
#define HAVE___THREAD 1
#define HAVE_ENDIAN_H 1
#define HAVE_SYS_SHM_H 1
#define HAVE_MALLOC_H 1
#define ALSA_DEVICE_DIRECTORY "/dev/snd/"
#define ALOAD_DEVICE_DIRECTORY "/dev/"
#define BUILD_PCM "1"
#define HAVE_MMX "1"
#define SND_MAX_CARDS 32

configure: exit 0
